<?xml version="1.0" encoding="UTF-8"?>
<!-- Generated by org.testng.reporters.JUnitReportReporter -->
<testsuite skipped="0" hostname="ESL009" name="enh.web.tests.IGP_TC_091" tests="1" failures="0" timestamp="04 Apr 2017 12:28:10 GMT" time="68.273" errors="0">
  <testcase name="test" time="68.273" classname="enh.web.tests.IGP_TC_091"/>
</testsuite> <!-- enh.web.tests.IGP_TC_091 -->
