<?xml version="1.0" encoding="UTF-8"?>
<!-- Generated by org.testng.reporters.JUnitReportReporter -->
<testsuite skipped="0" hostname="ESL006" name="enh.web.tests.CRM_TC_002" tests="1" failures="0" timestamp="20 Mar 2019 04:54:45 GMT" time="61.666" errors="0">
  <testcase name="test" time="61.666" classname="enh.web.tests.CRM_TC_002"/>
</testsuite> <!-- enh.web.tests.CRM_TC_002 -->
