<?xml version="1.0" encoding="UTF-8"?>
<!-- Generated by org.testng.reporters.JUnitReportReporter -->
<testsuite skipped="0" hostname="ESL006" name="enh.web.tests.CRM_TC_003" tests="1" failures="0" timestamp="23 Mar 2019 12:36:32 GMT" time="22.011" errors="0">
  <testcase name="test" time="22.011" classname="enh.web.tests.CRM_TC_003"/>
</testsuite> <!-- enh.web.tests.CRM_TC_003 -->
