<?xml version="1.0" encoding="UTF-8"?>
<!-- Generated by org.testng.reporters.JUnitReportReporter -->
<testsuite skipped="0" hostname="ESL009" name="enh.web.tests.sendEmail" tests="1" failures="0" timestamp="07 Apr 2017 12:28:07 GMT" time="4.975" errors="0">
  <testcase name="mail_report" time="4.975" classname="enh.web.tests.sendEmail"/>
</testsuite> <!-- enh.web.tests.sendEmail -->
