<?xml version="1.0" encoding="UTF-8"?>
<!-- Generated by org.testng.reporters.JUnitReportReporter -->
<testsuite skipped="0" hostname="ESL006" name="enh.web.tests.RecordTest" tests="1" failures="0" timestamp="17 Apr 2018 06:09:22 GMT" time="4.581" errors="0">
  <testcase name="getScrollStatus" time="4.581" classname="enh.web.tests.RecordTest"/>
</testsuite> <!-- enh.web.tests.RecordTest -->
