<?xml version="1.0" encoding="UTF-8"?>
<!-- Generated by org.testng.reporters.JUnitReportReporter -->
<testsuite skipped="0" hostname="ESL006" name="suite.runner.CustomSuiteRunner" tests="1" failures="0" timestamp="23 Mar 2019 12:37:51 GMT" time="215.776" errors="0">
  <testcase name="suiteRunner" time="215.776" classname="suite.runner.CustomSuiteRunner"/>
</testsuite> <!-- suite.runner.CustomSuiteRunner -->
