<?xml version="1.0" encoding="UTF-8"?>
<!-- Generated by org.testng.reporters.JUnitReportReporter -->
<testsuite skipped="0" hostname="ESL006" name="enh.web.tests.CRM_TC_090" tests="1" failures="0" timestamp="31 Jul 2018 04:30:38 GMT" time="54.914" errors="0">
  <testcase name="test" time="54.914" classname="enh.web.tests.CRM_TC_090"/>
</testsuite> <!-- enh.web.tests.CRM_TC_090 -->
