<?xml version="1.0" encoding="UTF-8"?>
<!-- Generated by org.testng.reporters.JUnitReportReporter -->
<testsuite skipped="0" hostname="ESL006" name="enh.web.tests.CRM_TC_092" tests="1" failures="0" timestamp="09 Dec 2018 05:54:27 GMT" time="22.834" errors="0">
  <testcase name="test" time="22.834" classname="enh.web.tests.CRM_TC_092"/>
</testsuite> <!-- enh.web.tests.CRM_TC_092 -->
